[26830] error @0.003482> [hit #2]request to GET /widget/view/2 crashed: Can't locate object method "new" via package "MongoDB::Connection" (perhaps you forgot to load "MongoDB::Connection"?) at /Library/Perl/5.18/Dancer/Plugin/Mongo.pm line 17, <DATA> line 16. in /Library/Perl/5.18/Dancer/Handler.pm l. 98
[26830] error @0.000504> [hit #3]request to GET /widget/view/2 crashed: Can't locate object method "new" via package "MongoDB::Connection" (perhaps you forgot to load "MongoDB::Connection"?) at /Library/Perl/5.18/Dancer/Plugin/Mongo.pm line 17. in /Library/Perl/5.18/Dancer/Handler.pm l. 98
[26885] error @0.000907> [hit #1]request to GET /widget/view/2 crashed: Can't locate object method "new" via package "MongoDB::Connection" (perhaps you forgot to load "MongoDB::Connection"?) at /Library/Perl/5.18/Dancer/Plugin/Mongo.pm line 17, <DATA> line 16. in /Library/Perl/5.18/Dancer/Handler.pm l. 98
[26885] error @0.000506> [hit #2]request to GET /widget/view/2 crashed: Can't locate object method "new" via package "MongoDB::Connection" (perhaps you forgot to load "MongoDB::Connection"?) at /Library/Perl/5.18/Dancer/Plugin/Mongo.pm line 17. in /Library/Perl/5.18/Dancer/Handler.pm l. 98
[26885] error @0.005490> [hit #3]request to GET /widget/view/2 crashed: Can't locate object method "new" via package "MongoDB::Connection" (perhaps you forgot to load "MongoDB::Connection"?) at /Library/Perl/5.18/Dancer/Plugin/Mongo.pm line 17. in /Library/Perl/5.18/Dancer/Handler.pm l. 98
[27121] error @0.000900> [hit #2]request to GET /2 crashed: Can't locate object method "new" via package "MongoDB::Connection" (perhaps you forgot to load "MongoDB::Connection"?) at /Library/Perl/5.18/Dancer/Plugin/Mongo.pm line 17, <DATA> line 16. in /Library/Perl/5.18/Dancer/Handler.pm l. 98
[27195] error @0.000840> [hit #1]request to GET /2 crashed: Can't locate object method "new" via package "MongoDB::Connection" (perhaps you forgot to load "MongoDB::Connection"?) at /Library/Perl/5.18/Dancer/Plugin/Mongo.pm line 17, <DATA> line 16. in /Library/Perl/5.18/Dancer/Handler.pm l. 98
[41638] error @0.003549> [hit #1]No DB settings for localhost in /Library/Perl/5.18/Dancer/Plugin/MongoDB.pm l. 17
[41638] error @0.004004> [hit #1]request to GET /2 crashed: Can't call method "database" on an undefined value at dancer-server.pl line 11. in /Library/Perl/5.18/Dancer/Handler.pm l. 98
[41638] error @0.000463> [hit #2]No DB settings for localhost in /Library/Perl/5.18/Dancer/Plugin/MongoDB.pm l. 17
[41638] error @0.000615> [hit #2]request to GET /2 crashed: Can't call method "database" on an undefined value at dancer-server.pl line 11. in /Library/Perl/5.18/Dancer/Handler.pm l. 98
[41661] error @0.000810> [hit #1]No DB settings for localhost in /Library/Perl/5.18/Dancer/Plugin/MongoDB.pm l. 17
[41661] error @0.003066> [hit #1]request to GET /2 crashed: core - hook - The hook 'database_connected' doesn't exists at /Library/Perl/5.18/Dancer/Plugin.pm line 56. in /Library/Perl/5.18/Dancer/Handler.pm l. 98
[48941] error @0.000656> [hit #2]request to GET /4 crashed: Can't locate object method "find" via package "MongoDB::MongoClient" at dancer-server.pl line 12, <DATA> line 16. in /Library/Perl/5.18/Dancer/Handler.pm l. 98
[49017] error @0.001422> [hit #1]request to GET /4 crashed: Undefined subroutine &main::find called at dancer-server.pl line 12, <DATA> line 16. in /Library/Perl/5.18/Dancer/Handler.pm l. 98
[55312] error @0.067859> [hit #1]request to GET /api/quotes crashed: Can't locate object method "encode_json" via package "pretty" (perhaps you forgot to load "pretty"?) at dancer-server.pl line 24, <DATA> line 16. in /Library/Perl/5.18/Dancer/Handler.pm l. 98
[55324] error @0.073758> [hit #1]request to GET /api/quotes crashed: Can't locate object method "encode_json" via package "pretty_print" (perhaps you forgot to load "pretty_print"?) at dancer-server.pl line 24, <DATA> line 16. in /Library/Perl/5.18/Dancer/Handler.pm l. 98
[55363] error @0.058181> [hit #1]request to GET /api/quotes crashed: encountered object 'JSON=HASH(0x7f97a3b9f260)', but neither allow_blessed nor convert_blessed settings are enabled at dancer-server.pl line 24. in /Library/Perl/5.18/Dancer/Handler.pm l. 98
[55420] error @0.059924> [hit #1]request to GET /api/quotes crashed: encountered object 'JSON=HASH(0x7f998cbe3498)', but neither allow_blessed nor convert_blessed settings are enabled at dancer-server.pl line 24. in /Library/Perl/5.18/Dancer/Handler.pm l. 98
[55438] error @0.066195> [hit #1]request to GET /api/quotes crashed: encountered object 'JSON=HASH(0x7ff46482bc50)', but neither allow_blessed nor convert_blessed settings are enabled at dancer-server.pl line 24. in /Library/Perl/5.18/Dancer/Handler.pm l. 98
[57929] error @0.063270> [hit #2]request to GET /api/quotes crashed: encountered object '56aa9c4ce15f4fe6cd8ced02', but neither allow_blessed nor convert_blessed settings are enabled at dancer-server.pl line 30. in /Library/Perl/5.18/Dancer/Handler.pm l. 98
[57929] error @0.080760> [hit #3]request to GET /api/quotes crashed: encountered object '56aa9c4ce15f4fe6cd8ced02', but neither allow_blessed nor convert_blessed settings are enabled at dancer-server.pl line 30. in /Library/Perl/5.18/Dancer/Handler.pm l. 98
[58022] error @0.055186> [hit #1]request to GET /api/quotes crashed: cannot encode reference to scalar at dancer-server.pl line 30. in /Library/Perl/5.18/Dancer/Handler.pm l. 98
[58032] error @0.079406> [hit #1]request to GET /api/quotes crashed: encountered object '56aa9c4ce15f4fe6cd8ced02', but neither allow_blessed nor convert_blessed settings are enabled at dancer-server.pl line 30. in /Library/Perl/5.18/Dancer/Handler.pm l. 98
[58070] error @0.059009> [hit #1]request to GET /api/quotes crashed: encountered object '56aa9c4ce15f4fe6cd8ced02', but neither allow_blessed nor convert_blessed settings are enabled at dancer-server.pl line 30. in /Library/Perl/5.18/Dancer/Handler.pm l. 98
[58242] error @0.004384> [hit #1]request to GET /api/quotes crashed: Undefined subroutine &main::limit called at dancer-server.pl line 18, <DATA> line 16. in /Library/Perl/5.18/Dancer/Handler.pm l. 98
[58274] error @0.000613> [hit #1]request to GET /api/quotes crashed: Can't use string ("-1") as a HASH ref while "strict refs" in use at /Library/Perl/5.18/darwin-thread-multi-2level/MongoDB/Collection.pm line 673, <DATA> line 16. in /Library/Perl/5.18/Dancer/Handler.pm l. 98
[58299] error @0.000551> [hit #1]request to GET /api/quotes crashed: Can't use string ("-1") as a HASH ref while "strict refs" in use at /Library/Perl/5.18/darwin-thread-multi-2level/MongoDB/Collection.pm line 673, <DATA> line 16. in /Library/Perl/5.18/Dancer/Handler.pm l. 98
[58341] error @0.012480> [hit #1]request to GET /api/quotes crashed: Undefined subroutine &main::limit called at dancer-server.pl line 18, <DATA> line 16. in /Library/Perl/5.18/Dancer/Handler.pm l. 98
[58361] error @0.008629> [hit #1]request to GET /api/quotes crashed: Value "-1" did not pass type constraint "Maybe[IxHash]" (in $self->{"sort"}) at (eval 365) line 28
    Value "-1" did not pass type constraint "Maybe[IxHash]" (in $self->{"sort"})
    Value "-1" is defined
    "Maybe[IxHash]" constrains the value with "IxHash" if it is defined
    Not a blessed reference in /Library/Perl/5.18/Dancer/Handler.pm l. 98
[85801] error @0.055950> [hit #1]request to POST /api/quotes crashed: Not a CODE reference at dancer-server.pl line 34, <$fh> line 1. in /Library/Perl/5.18/Dancer/Handler.pm l. 98
[85980] error @0.038998> [hit #1]request to POST /api/quotes crashed: hash- or arrayref expected (not a simple scalar, use allow_nonref to allow this) at dancer-server.pl line 45. in /Library/Perl/5.18/Dancer/Handler.pm l. 98
[86089] error @0.028574> [hit #1]request to POST /api/quotes crashed: hash- or arrayref expected (not a simple scalar, use allow_nonref to allow this) at dancer-server.pl line 45. in /Library/Perl/5.18/Dancer/Handler.pm l. 98
[86174] error @0.028009> [hit #1]request to POST /api/quotes crashed: MongoDB::UsageError: document argument must be a reference at dancer-server.pl line 45, <$fh> line 1.
	main::__ANON__() called at /Library/Perl/5.18/Dancer/Route.pm line 271
	Dancer::Route::execute('Dancer::Route=HASH(0x7f80aab41580)') called at /Library/Perl/5.18/Dancer/Route.pm line 186
	Dancer::Route::try {...} () called at /System/Library/Perl/Extras/5.18/Try/Tiny.pm line 76
	eval {...} called at /System/Library/Perl/Extras/5.18/Try/Tiny.pm line 72
	Try::Tiny::try('CODE(0x7f80ac5a1658)', 'Try::Tiny::Catch=REF(0x7f80ac590098)') called at /Library/Perl/5.18/Dancer/Route.pm line 200
	Dancer::Route::run('Dancer::Route=HASH(0x7f80aab41580)', 'Dancer::Request=HASH(0x7f80a9ddc058)') called at /Library/Perl/5.18/Dancer/Renderer.pm line 137
	Dancer::Renderer::try {...} () called at /System/Library/Perl/Extras/5.18/Try/Tiny.pm line 81
	eval {...} called at /System/Library/Perl/Extras/5.18/Try/Tiny.pm line 72
	Try::Tiny::try('CODE(0x7f80ac59cdd8)', 'Try::Tiny::Catch=REF(0x7f80ac59cf40)') called at /Library/Perl/5.18/Dancer/Renderer.pm line 146
	Dancer::Renderer::get_action_response('Dancer::Renderer') called at /Library/Perl/5.18/Dancer/Renderer.pm line 33
	Dancer::Renderer::render_action('Dancer::Renderer') called at /Library/Perl/5.18/Dancer/Handler.pm line 84
	Dancer::Handler::try {...} () called at /System/Library/Perl/Extras/5.18/Try/Tiny.pm line 76
	eval {...} called at /System/Library/Perl/Extras/5.18/Try/Tiny.pm line 72
	Try::Tiny::try('CODE(0x7f80a9b11188)', 'Try::Tiny::Catch=REF(0x7f80ac59cb08)') called at /Library/Perl/5.18/Dancer/Handler.pm line 113
	Dancer::Handler::render_request('Dancer::Request=HASH(0x7f80a9ddc058)') called at /Library/Perl/5.18/Dancer/Handler.pm line 76
	Dancer::Handler::handle_request('Dancer::Handler::Standalone=HASH(0x7f80ace6ce78)', 'Dancer::Request=HASH(0x7f80a9ddc058)') called at /Library/Perl/5.18/Dancer/Handler.pm line 123
	Dancer::Handler::__ANON__('HASH(0x7f80ac58fe28)') called at /Library/Perl/5.18/HTTP/Server/Simple/PSGI.pm line 103
	eval {...} called at /Library/Perl/5.18/HTTP/Server/Simple/PSGI.pm line 103
	HTTP::Server::Simple::PSGI::handler('Dancer::Handler::Standalone=HASH(0x7f80ac5657b8)') called at /Library/Perl/5.18/HTTP/Server/Simple.pm line 450
	HTTP::Server::Simple::__ANON__('Dancer::Handler::Standalone::NetServer0') called at /Library/Perl/5.18/HTTP/Server/Simple.pm line 342
	HTTP::Server::Simple::__ANON__('Dancer::Handler::Standalone::NetServer0', 'port', 3000) called at /Library/Perl/5.18/HTTP/Server/Simple.pm line 306
	HTTP::Server::Simple::run('Dancer::Handler::Standalone=HASH(0x7f80ac5657b8)') called at /Library/Perl/5.18/Dancer/Handler/Standalone.pm line 38
	Dancer::Handler::Standalone::start('Dancer::Handler::Standalone=HASH(0x7f80ace6ce78)') called at /Library/Perl/5.18/Dancer/Handler.pm line 209
	Dancer::Handler::dance('Dancer::Handler::Standalone=HASH(0x7f80ace6ce78)') called at /Library/Perl/5.18/Dancer.pm line 496
	Dancer::_start() called at dancer-server.pl line 76 in /Library/Perl/5.18/Dancer/Handler.pm l. 98
[87083] error @0.004235> [hit #2]request to DELETE /api/quotes/2000 crashed: Undefined subroutine &main::json_encode called at dancer-server.pl line 97, <DATA> line 16. in /Library/Perl/5.18/Dancer/Handler.pm l. 98
[87102] error @0.027722> [hit #1]request to DELETE /api/quotes/2000 crashed: encountered object 'MongoDB::DeleteResult=HASH(0x7fad04518660)', but neither allow_blessed nor convert_blessed settings are enabled at dancer-server.pl line 97. in /Library/Perl/5.18/Dancer/Handler.pm l. 98
[87102] error @0.040085> [hit #2]request to DELETE /api/quotes/2000 crashed: encountered object 'MongoDB::DeleteResult=HASH(0x7fad05cbba90)', but neither allow_blessed nor convert_blessed settings are enabled at dancer-server.pl line 97. in /Library/Perl/5.18/Dancer/Handler.pm l. 98
[87206] error @0.003360> [hit #1]request to DELETE /api/quotes/2000 crashed: MongoDB::UsageError: filter argument must be a reference at dancer-server.pl line 95, <DATA> line 16.
	main::__ANON__() called at /Library/Perl/5.18/Dancer/Route.pm line 271
	Dancer::Route::execute('Dancer::Route=HASH(0x7f9f9e281398)') called at /Library/Perl/5.18/Dancer/Route.pm line 186
	Dancer::Route::try {...} () called at /System/Library/Perl/Extras/5.18/Try/Tiny.pm line 76
	eval {...} called at /System/Library/Perl/Extras/5.18/Try/Tiny.pm line 72
	Try::Tiny::try('CODE(0x7f9f9e2e79c0)', 'Try::Tiny::Catch=REF(0x7f9f9e2e7de0)') called at /Library/Perl/5.18/Dancer/Route.pm line 200
	Dancer::Route::run('Dancer::Route=HASH(0x7f9f9e281398)', 'Dancer::Request=HASH(0x7f9f9b3f63c8)') called at /Library/Perl/5.18/Dancer/Renderer.pm line 137
	Dancer::Renderer::try {...} () called at /System/Library/Perl/Extras/5.18/Try/Tiny.pm line 81
	eval {...} called at /System/Library/Perl/Extras/5.18/Try/Tiny.pm line 72
	Try::Tiny::try('CODE(0x7f9f9e2e0b00)', 'Try::Tiny::Catch=REF(0x7f9f9e2e73a8)') called at /Library/Perl/5.18/Dancer/Renderer.pm line 146
	Dancer::Renderer::get_action_response('Dancer::Renderer') called at /Library/Perl/5.18/Dancer/Renderer.pm line 33
	Dancer::Renderer::render_action('Dancer::Renderer') called at /Library/Perl/5.18/Dancer/Handler.pm line 84
	Dancer::Handler::try {...} () called at /System/Library/Perl/Extras/5.18/Try/Tiny.pm line 76
	eval {...} called at /System/Library/Perl/Extras/5.18/Try/Tiny.pm line 72
	Try::Tiny::try('CODE(0x7f9f9c320988)', 'Try::Tiny::Catch=REF(0x7f9f9e2e08f0)') called at /Library/Perl/5.18/Dancer/Handler.pm line 113
	Dancer::Handler::render_request('Dancer::Request=HASH(0x7f9f9b3f63c8)') called at /Library/Perl/5.18/Dancer/Handler.pm line 76
	Dancer::Handler::handle_request('Dancer::Handler::Standalone=HASH(0x7f9f9bd12e60)', 'Dancer::Request=HASH(0x7f9f9b3f63c8)') called at /Library/Perl/5.18/Dancer/Handler.pm line 123
	Dancer::Handler::__ANON__('HASH(0x7f9f9db4c690)') called at /Library/Perl/5.18/HTTP/Server/Simple/PSGI.pm line 103
	eval {...} called at /Library/Perl/5.18/HTTP/Server/Simple/PSGI.pm line 103
	HTTP::Server::Simple::PSGI::handler('Dancer::Handler::Standalone=HASH(0x7f9f9e2813b0)') called at /Library/Perl/5.18/HTTP/Server/Simple.pm line 450
	HTTP::Server::Simple::__ANON__('Dancer::Handler::Standalone::NetServer0') called at /Library/Perl/5.18/HTTP/Server/Simple.pm line 342
	HTTP::Server::Simple::__ANON__('Dancer::Handler::Standalone::NetServer0', 'port', 3000) called at /Library/Perl/5.18/HTTP/Server/Simple.pm line 306
	HTTP::Server::Simple::run('Dancer::Handler::Standalone=HASH(0x7f9f9e2813b0)') called at /Library/Perl/5.18/Dancer/Handler/Standalone.pm line 38
	Dancer::Handler::Standalone::start('Dancer::Handler::Standalone=HASH(0x7f9f9bd12e60)') called at /Library/Perl/5.18/Dancer/Handler.pm line 209
	Dancer::Handler::dance('Dancer::Handler::Standalone=HASH(0x7f9f9bd12e60)') called at /Library/Perl/5.18/Dancer.pm line 496
	Dancer::_start() called at dancer-server.pl line 103 in /Library/Perl/5.18/Dancer/Handler.pm l. 98
[87916] error @0.001459> [hit #1]request to DELETE /api/quotes/2000 crashed: Can't locate object method "remove_one" via package "MongoDB::Collection" at dancer-server.pl line 96, <DATA> line 16. in /Library/Perl/5.18/Dancer/Handler.pm l. 98
[76658] error @0.000656> [hit #1]request to DELETE /api/quotes/2000 crashed: Undefined subroutine &main::json_encode called at dancer-server.pl line 96, <DATA> line 16. in /Library/Perl/5.18/Dancer/Handler.pm l. 98
[76688] error @0.002481> [hit #1]request to DELETE /api/quotes/2000 crashed: MongoDB::UsageError: filter argument must be a reference at dancer-server.pl line 96, <DATA> line 16.
	main::__ANON__() called at /Library/Perl/5.18/Dancer/Route.pm line 271
	Dancer::Route::execute('Dancer::Route=HASH(0x7ffc2ddac4c0)') called at /Library/Perl/5.18/Dancer/Route.pm line 186
	Dancer::Route::try {...} () called at /System/Library/Perl/Extras/5.18/Try/Tiny.pm line 76
	eval {...} called at /System/Library/Perl/Extras/5.18/Try/Tiny.pm line 72
	Try::Tiny::try('CODE(0x7ffc2d7b6930)', 'Try::Tiny::Catch=REF(0x7ffc2d7b6d60)') called at /Library/Perl/5.18/Dancer/Route.pm line 200
	Dancer::Route::run('Dancer::Route=HASH(0x7ffc2ddac4c0)', 'Dancer::Request=HASH(0x7ffc2b93a198)') called at /Library/Perl/5.18/Dancer/Renderer.pm line 137
	Dancer::Renderer::try {...} () called at /System/Library/Perl/Extras/5.18/Try/Tiny.pm line 81
	eval {...} called at /System/Library/Perl/Extras/5.18/Try/Tiny.pm line 72
	Try::Tiny::try('CODE(0x7ffc2d7b5f10)', 'Try::Tiny::Catch=REF(0x7ffc2d7b6300)') called at /Library/Perl/5.18/Dancer/Renderer.pm line 146
	Dancer::Renderer::get_action_response('Dancer::Renderer') called at /Library/Perl/5.18/Dancer/Renderer.pm line 33
	Dancer::Renderer::render_action('Dancer::Renderer') called at /Library/Perl/5.18/Dancer/Handler.pm line 84
	Dancer::Handler::try {...} () called at /System/Library/Perl/Extras/5.18/Try/Tiny.pm line 76
	eval {...} called at /System/Library/Perl/Extras/5.18/Try/Tiny.pm line 72
	Try::Tiny::try('CODE(0x7ffc2ab9d0e0)', 'Try::Tiny::Catch=REF(0x7ffc2d7b5c70)') called at /Library/Perl/5.18/Dancer/Handler.pm line 113
	Dancer::Handler::render_request('Dancer::Request=HASH(0x7ffc2b93a198)') called at /Library/Perl/5.18/Dancer/Handler.pm line 76
	Dancer::Handler::handle_request('Dancer::Handler::Standalone=HASH(0x7ffc2c2fc358)', 'Dancer::Request=HASH(0x7ffc2b93a198)') called at /Library/Perl/5.18/Dancer/Handler.pm line 123
	Dancer::Handler::__ANON__('HASH(0x7ffc2d7915c8)') called at /Library/Perl/5.18/HTTP/Server/Simple/PSGI.pm line 103
	eval {...} called at /Library/Perl/5.18/HTTP/Server/Simple/PSGI.pm line 103
	HTTP::Server::Simple::PSGI::handler('Dancer::Handler::Standalone=HASH(0x7ffc2ddac358)') called at /Library/Perl/5.18/HTTP/Server/Simple.pm line 450
	HTTP::Server::Simple::__ANON__('Dancer::Handler::Standalone::NetServer0') called at /Library/Perl/5.18/HTTP/Server/Simple.pm line 342
	HTTP::Server::Simple::__ANON__('Dancer::Handler::Standalone::NetServer0', 'port', 3000) called at /Library/Perl/5.18/HTTP/Server/Simple.pm line 306
	HTTP::Server::Simple::run('Dancer::Handler::Standalone=HASH(0x7ffc2ddac358)') called at /Library/Perl/5.18/Dancer/Handler/Standalone.pm line 38
	Dancer::Handler::Standalone::start('Dancer::Handler::Standalone=HASH(0x7ffc2c2fc358)') called at /Library/Perl/5.18/Dancer/Handler.pm line 209
	Dancer::Handler::dance('Dancer::Handler::Standalone=HASH(0x7ffc2c2fc358)') called at /Library/Perl/5.18/Dancer.pm line 496
	Dancer::_start() called at dancer-server.pl line 104 in /Library/Perl/5.18/Dancer/Handler.pm l. 98
[77171] error @0.000740> [hit #1]request to DELETE /api/quotes/2000 crashed: Can't bless non-reference value at dancer-server.pl line 95, <DATA> line 16. in /Library/Perl/5.18/Dancer/Handler.pm l. 98
[77189] error @0.049223> [hit #1]request to DELETE /api/quotes/2000 crashed: MongoDB::DocumentError: type (main) unhandled at /Library/Perl/5.18/darwin-thread-multi-2level/MongoDB/BSON.pm line 215, <DATA> line 16. in /Library/Perl/5.18/Dancer/Handler.pm l. 98
[77378] error @0.054360> [hit #1]request to DELETE /api/quotes/2000 crashed: MongoDB::UsageError: filter argument must be a reference at dancer-server.pl line 100, <DATA> line 16.
	main::__ANON__() called at /Library/Perl/5.18/Dancer/Route.pm line 271
	Dancer::Route::execute('Dancer::Route=HASH(0x7ff89aa99d20)') called at /Library/Perl/5.18/Dancer/Route.pm line 186
	Dancer::Route::try {...} () called at /System/Library/Perl/Extras/5.18/Try/Tiny.pm line 76
	eval {...} called at /System/Library/Perl/Extras/5.18/Try/Tiny.pm line 72
	Try::Tiny::try('CODE(0x7ff89c274cd8)', 'Try::Tiny::Catch=REF(0x7ff89c2750e0)') called at /Library/Perl/5.18/Dancer/Route.pm line 200
	Dancer::Route::run('Dancer::Route=HASH(0x7ff89aa99d20)', 'Dancer::Request=HASH(0x7ff8992b8cf8)') called at /Library/Perl/5.18/Dancer/Renderer.pm line 137
	Dancer::Renderer::try {...} () called at /System/Library/Perl/Extras/5.18/Try/Tiny.pm line 81
	eval {...} called at /System/Library/Perl/Extras/5.18/Try/Tiny.pm line 72
	Try::Tiny::try('CODE(0x7ff89c5cde90)', 'Try::Tiny::Catch=REF(0x7ff89c5ce280)') called at /Library/Perl/5.18/Dancer/Renderer.pm line 146
	Dancer::Renderer::get_action_response('Dancer::Renderer') called at /Library/Perl/5.18/Dancer/Renderer.pm line 33
	Dancer::Renderer::render_action('Dancer::Renderer') called at /Library/Perl/5.18/Dancer/Handler.pm line 84
	Dancer::Handler::try {...} () called at /System/Library/Perl/Extras/5.18/Try/Tiny.pm line 76
	eval {...} called at /System/Library/Perl/Extras/5.18/Try/Tiny.pm line 72
	Try::Tiny::try('CODE(0x7ff899bd20e0)', 'Try::Tiny::Catch=REF(0x7ff89c5cdbf0)') called at /Library/Perl/5.18/Dancer/Handler.pm line 113
	Dancer::Handler::render_request('Dancer::Request=HASH(0x7ff8992b8cf8)') called at /Library/Perl/5.18/Dancer/Handler.pm line 76
	Dancer::Handler::handle_request('Dancer::Handler::Standalone=HASH(0x7ff89c8698f8)', 'Dancer::Request=HASH(0x7ff8992b8cf8)') called at /Library/Perl/5.18/Dancer/Handler.pm line 123
	Dancer::Handler::__ANON__('HASH(0x7ff89aaeeb48)') called at /Library/Perl/5.18/HTTP/Server/Simple/PSGI.pm line 103
	eval {...} called at /Library/Perl/5.18/HTTP/Server/Simple/PSGI.pm line 103
	HTTP::Server::Simple::PSGI::handler('Dancer::Handler::Standalone=HASH(0x7ff89aa99f18)') called at /Library/Perl/5.18/HTTP/Server/Simple.pm line 450
	HTTP::Server::Simple::__ANON__('Dancer::Handler::Standalone::NetServer0') called at /Library/Perl/5.18/HTTP/Server/Simple.pm line 342
	HTTP::Server::Simple::__ANON__('Dancer::Handler::Standalone::NetServer0', 'port', 3000) called at /Library/Perl/5.18/HTTP/Server/Simple.pm line 306
	HTTP::Server::Simple::run('Dancer::Handler::Standalone=HASH(0x7ff89aa99f18)') called at /Library/Perl/5.18/Dancer/Handler/Standalone.pm line 38
	Dancer::Handler::Standalone::start('Dancer::Handler::Standalone=HASH(0x7ff89c8698f8)') called at /Library/Perl/5.18/Dancer/Handler.pm line 209
	Dancer::Handler::dance('Dancer::Handler::Standalone=HASH(0x7ff89c8698f8)') called at /Library/Perl/5.18/Dancer.pm line 496
	Dancer::_start() called at dancer-server.pl line 108 in /Library/Perl/5.18/Dancer/Handler.pm l. 98
[79657] error @0.022966> [hit #2]request to POST /api/quotes crashed: Not an ARRAY reference at dancer-server.pl line 52, <$fh> line 1. in /Library/Perl/5.18/Dancer/Handler.pm l. 98
